<?xml version="1.0" encoding="UTF-8"?>
<!-- Generated by org.testng.reporters.JUnitReportReporter -->
<testsuite hostname="natasha-mbp.lan" name="test.SeleniumExample" tests="1" failures="0" timestamp="27 Apr 2014 15:19:42 GMT" time="2.145" errors="0">
  <testcase name="testLogin" time="2.145" classname="test.SeleniumExample"/>
</testsuite> <!-- test.SeleniumExample -->
